<?xml version="1.0" encoding="UTF-8"?>
<testng-results ignored="4" total="7" passed="3" failed="0" skipped="0">
  <reporter-output>
  </reporter-output>
  <suite started-at="2022-02-02T03:16:53 IST" name="All Test Suite" finished-at="2022-02-02T03:17:01 IST" duration-ms="8042">
    <groups>
    </groups>
    <test started-at="2022-02-02T03:16:53 IST" name="C:/Users/TG/IdeaProjects/duckduckgoTestFramework" finished-at="2022-02-02T03:17:01 IST" duration-ms="8042">
      <class name="tests.validation.MoreResultsValidateTest">
        <test-method signature="moreResultsValidateCheck()[pri:0, instance:tests.validation.MoreResultsValidateTest@502c2278]" started-at="2022-02-02T03:16:57 IST" name="moreResultsValidateCheck" finished-at="2022-02-02T03:17:01 IST" duration-ms="3517" status="PASS">
          <reporter-output>
          </reporter-output>
        </test-method> <!-- moreResultsValidateCheck -->
      </class> <!-- tests.validation.MoreResultsValidateTest -->
      <class name="tests.validation.RedirectionValidateTest">
        <test-method signature="redirectionValidateCheck()[pri:0, instance:tests.validation.RedirectionValidateTest@4a9869a8]" started-at="2022-02-02T03:16:54 IST" name="redirectionValidateCheck" finished-at="2022-02-02T03:16:57 IST" duration-ms="2882" status="PASS">
          <reporter-output>
          </reporter-output>
        </test-method> <!-- redirectionValidateCheck -->
      </class> <!-- tests.validation.RedirectionValidateTest -->
      <class name="tests.validation.SearchValidateTest">
        <test-method signature="searchValidateCheck()[pri:0, instance:tests.validation.SearchValidateTest@108b121f]" started-at="2022-02-02T03:16:53 IST" name="searchValidateCheck" finished-at="2022-02-02T03:16:54 IST" duration-ms="1451" status="PASS">
          <reporter-output>
          </reporter-output>
        </test-method> <!-- searchValidateCheck -->
        <test-method is-config="true" signature="clearCookiesAndLocalStorage()[pri:0, instance:tests.validation.SearchValidateTest@108b121f]" started-at="2022-02-02T03:17:01 IST" name="clearCookiesAndLocalStorage" finished-at="2022-02-02T03:17:01 IST" duration-ms="24" status="PASS">
          <reporter-output>
          </reporter-output>
        </test-method> <!-- clearCookiesAndLocalStorage -->
        <test-method is-config="true" signature="close()[pri:0, instance:tests.validation.SearchValidateTest@108b121f]" started-at="2022-02-02T03:17:01 IST" name="close" finished-at="2022-02-02T03:17:05 IST" duration-ms="4157" status="PASS">
          <reporter-output>
          </reporter-output>
        </test-method> <!-- close -->
      </class> <!-- tests.validation.SearchValidateTest -->
    </test> <!-- C:/Users/TG/IdeaProjects/duckduckgoTestFramework -->
  </suite> <!-- All Test Suite -->
</testng-results>
